<?xml version="1.0" encoding="UTF-8"?>
<!-- Generated by org.testng.reporters.JUnitReportReporter -->
<testsuite hostname="LAPTOP-G5SA0KCR" failures="0" tests="3" name="meme_staking.STAKELAND.TestCase08" time="170.295" errors="0" timestamp="2024-08-11T16:09:48 HKT" skipped="0">
  <testcase classname="meme_staking.STAKELAND.TestCase08" name="CONNECT_YOUR_WALLET_button" time="53.369"/>
  <testcase classname="meme_staking.STAKELAND.TestCase08" name="CONNECT_YOUR_WALLET_button" time="55.406"/>
  <testcase classname="meme_staking.STAKELAND.TestCase08" name="CONNECT_YOUR_WALLET_button" time="61.520"/>
</testsuite> <!-- meme_staking.STAKELAND.TestCase08 -->
