<?xml version="1.0" encoding="UTF-8"?>
<!-- Generated by org.testng.reporters.JUnitReportReporter -->
<testsuite hostname="LAPTOP-G5SA0KCR" failures="0" tests="3" name="meme_staking.STAKELAND.TestCase01" time="135.441" errors="0" timestamp="2024-08-11T16:09:48 HKT" skipped="0">
  <testcase classname="meme_staking.STAKELAND.TestCase01" name="sliderFunctionsSync" time="41.218"/>
  <testcase classname="meme_staking.STAKELAND.TestCase01" name="sliderFunctionsSync" time="42.400"/>
  <testcase classname="meme_staking.STAKELAND.TestCase01" name="sliderFunctionsSync" time="51.823"/>
</testsuite> <!-- meme_staking.STAKELAND.TestCase01 -->
