<?xml version="1.0" encoding="UTF-8"?>
<!-- Generated by org.testng.reporters.JUnitReportReporter -->
<testsuite hostname="LAPTOP-G5SA0KCR" failures="0" tests="3" name="meme_staking.STAKELAND.TestCase02" time="111.074" errors="0" timestamp="2024-08-11T16:09:48 HKT" skipped="0">
  <testcase classname="meme_staking.STAKELAND.TestCase02" name="slider_functions_move_change_value" time="38.104"/>
  <testcase classname="meme_staking.STAKELAND.TestCase02" name="slider_functions_move_change_value" time="33.998"/>
  <testcase classname="meme_staking.STAKELAND.TestCase02" name="slider_functions_move_change_value" time="38.972"/>
</testsuite> <!-- meme_staking.STAKELAND.TestCase02 -->
