<?xml version="1.0" encoding="UTF-8"?>
<!-- Generated by org.testng.reporters.JUnitReportReporter -->
<testsuite hostname="LAPTOP-G5SA0KCR" failures="0" tests="3" name="meme_staking.STAKELAND.TestCase08" time="93.839" errors="0" timestamp="2024-09-02T12:05:48 HKT" skipped="0">
  <testcase classname="meme_staking.STAKELAND.TestCase08" name="CONNECT_YOUR_WALLET_button" time="32.509"/>
  <testcase classname="meme_staking.STAKELAND.TestCase08" name="CONNECT_YOUR_WALLET_button" time="30.611"/>
  <testcase classname="meme_staking.STAKELAND.TestCase08" name="CONNECT_YOUR_WALLET_button" time="30.719"/>
</testsuite> <!-- meme_staking.STAKELAND.TestCase08 -->
