<?xml version="1.0" encoding="UTF-8"?>
<!-- Generated by org.testng.reporters.JUnitReportReporter -->
<testsuite hostname="LAPTOP-G5SA0KCR" failures="0" tests="3" name="meme_staking.STAKELAND.TestCase05" time="104.995" errors="0" timestamp="2024-09-02T12:05:48 HKT" skipped="0">
  <testcase classname="meme_staking.STAKELAND.TestCase05" name="Enabled_NEW_TO_STAKELAND_button" time="38.468"/>
  <testcase classname="meme_staking.STAKELAND.TestCase05" name="Enabled_NEW_TO_STAKELAND_button" time="35.642"/>
  <testcase classname="meme_staking.STAKELAND.TestCase05" name="Enabled_NEW_TO_STAKELAND_button" time="30.885"/>
</testsuite> <!-- meme_staking.STAKELAND.TestCase05 -->
