<?xml version="1.0" encoding="UTF-8"?>
<!-- Generated by org.testng.reporters.JUnitReportReporter -->
<testsuite hostname="LAPTOP-G5SA0KCR" failures="0" tests="3" name="meme_staking.STAKELAND.TestCase01" time="143.306" errors="0" timestamp="2024-09-02T12:05:48 HKT" skipped="0">
  <testcase classname="meme_staking.STAKELAND.TestCase01" name="sliderFunctionsSync" time="49.949"/>
  <testcase classname="meme_staking.STAKELAND.TestCase01" name="sliderFunctionsSync" time="44.197"/>
  <testcase classname="meme_staking.STAKELAND.TestCase01" name="sliderFunctionsSync" time="49.160"/>
</testsuite> <!-- meme_staking.STAKELAND.TestCase01 -->
