<?xml version="1.0" encoding="UTF-8"?>
<!-- Generated by org.testng.reporters.JUnitReportReporter -->
<testsuite hostname="LAPTOP-G5SA0KCR" failures="0" tests="3" name="meme_staking.STAKELAND.TestCase03" time="111.577" errors="0" timestamp="2024-09-02T12:05:48 HKT" skipped="0">
  <testcase classname="meme_staking.STAKELAND.TestCase03" name="slider_functions_balance_stake_element" time="34.664"/>
  <testcase classname="meme_staking.STAKELAND.TestCase03" name="slider_functions_balance_stake_element" time="40.718"/>
  <testcase classname="meme_staking.STAKELAND.TestCase03" name="slider_functions_balance_stake_element" time="36.195"/>
</testsuite> <!-- meme_staking.STAKELAND.TestCase03 -->
