<?xml version="1.0" encoding="UTF-8"?>
<!-- Generated by org.testng.reporters.JUnitReportReporter -->
<testsuite hostname="LAPTOP-G5SA0KCR" failures="0" tests="3" name="meme_staking.STAKELAND.TestCase02" time="116.737" errors="0" timestamp="2024-09-02T12:05:48 HKT" skipped="0">
  <testcase classname="meme_staking.STAKELAND.TestCase02" name="slider_functions_move_change_value" time="35.793"/>
  <testcase classname="meme_staking.STAKELAND.TestCase02" name="slider_functions_move_change_value" time="35.620"/>
  <testcase classname="meme_staking.STAKELAND.TestCase02" name="slider_functions_move_change_value" time="45.324"/>
</testsuite> <!-- meme_staking.STAKELAND.TestCase02 -->
