<?xml version="1.0" encoding="UTF-8"?>
<!-- Generated by org.testng.reporters.JUnitReportReporter -->
<testsuite hostname="LAPTOP-G5SA0KCR" failures="0" tests="3" name="meme_staking.STAKELAND.TestCase06" time="84.874" errors="0" timestamp="2024-09-02T12:05:48 HKT" skipped="0">
  <testcase classname="meme_staking.STAKELAND.TestCase06" name="refresh_check" time="23.266"/>
  <testcase classname="meme_staking.STAKELAND.TestCase06" name="refresh_check" time="38.097"/>
  <testcase classname="meme_staking.STAKELAND.TestCase06" name="refresh_check" time="23.511"/>
</testsuite> <!-- meme_staking.STAKELAND.TestCase06 -->
