<?xml version="1.0" encoding="UTF-8"?>
<!-- Generated by org.testng.reporters.JUnitReportReporter -->
<testsuite hostname="LAPTOP-G5SA0KCR" failures="0" tests="3" name="meme_staking.STAKELAND.TestCase04" time="99.913" errors="0" timestamp="2024-09-02T12:05:48 HKT" skipped="0">
  <testcase classname="meme_staking.STAKELAND.TestCase04" name="Enabled_button_Base_button" time="36.595"/>
  <testcase classname="meme_staking.STAKELAND.TestCase04" name="Enabled_button_Base_button" time="30.586"/>
  <testcase classname="meme_staking.STAKELAND.TestCase04" name="Enabled_button_Base_button" time="32.732"/>
</testsuite> <!-- meme_staking.STAKELAND.TestCase04 -->
